<?xml version="1.0" encoding="UTF-8"?>
<!-- Generated by org.testng.reporters.JUnitReportReporter -->
<testsuite hostname="DESKTOP-MVNO6IQ" failures="0" tests="1" name="Website.Redbus.Clicksearch" time="28.887" errors="0" timestamp="2023-02-17T17:26:50 IST" skipped="0">
  <testcase classname="Website.Redbus.Clicksearch" name="search" time="28.887"/>
  <system-out/>
</testsuite> <!-- Website.Redbus.Clicksearch -->
